ERROR - 2024-07-04 02:44:57 --> Error connecting to the database: mysqli_sql_exception: Access denied for user ''@'localhost' (using password: NO) in C:\biblioteca\system\Database\MySQLi\Connection.php:186
Stack trace:
#0 C:\biblioteca\system\Database\MySQLi\Connection.php(186): mysqli->real_connect('localhost', '', Object(SensitiveParameterValue), 'biblioteca', 3306, '', 0)
#1 C:\biblioteca\system\Database\BaseConnection.php(421): CodeIgniter\Database\MySQLi\Connection->connect(false)
#2 C:\biblioteca\system\Database\BaseConnection.php(616): CodeIgniter\Database\BaseConnection->initialize()
#3 C:\biblioteca\system\Database\BaseBuilder.php(1636): CodeIgniter\Database\BaseConnection->query('SELECT *\nFROM `...', Array, false)
#4 C:\biblioteca\system\Model.php(286): CodeIgniter\Database\BaseBuilder->get()
#5 C:\biblioteca\system\BaseModel.php(676): CodeIgniter\Model->doFindAll(0, 0)
#6 C:\biblioteca\app\Models\BookModel.php(15): CodeIgniter\BaseModel->findAll()
#7 C:\biblioteca\app\Controllers\BookController.php(13): App\Models\BookModel->getAvailableBooks()
#8 C:\biblioteca\system\CodeIgniter.php(933): App\Controllers\BookController->index()
#9 C:\biblioteca\system\CodeIgniter.php(509): CodeIgniter\CodeIgniter->runController(Object(App\Controllers\BookController))
#10 C:\biblioteca\system\CodeIgniter.php(355): CodeIgniter\CodeIgniter->handleRequest(NULL, Object(Config\Cache), false)
#11 C:\biblioteca\system\Boot.php(325): CodeIgniter\CodeIgniter->run()
#12 C:\biblioteca\system\Boot.php(67): CodeIgniter\Boot::runCodeIgniter(Object(CodeIgniter\CodeIgniter))
#13 C:\biblioteca\public\index.php(56): CodeIgniter\Boot::bootWeb(Object(Config\Paths))
#14 C:\biblioteca\system\rewrite.php(44): require_once('C:\\biblioteca\\p...')
#15 {main}

Next CodeIgniter\Database\Exceptions\DatabaseException: Access denied for user ''@'localhost' (using password: NO) in C:\biblioteca\system\Database\MySQLi\Connection.php:231
Stack trace:
#0 C:\biblioteca\system\Database\BaseConnection.php(421): CodeIgniter\Database\MySQLi\Connection->connect(false)
#1 C:\biblioteca\system\Database\BaseConnection.php(616): CodeIgniter\Database\BaseConnection->initialize()
#2 C:\biblioteca\system\Database\BaseBuilder.php(1636): CodeIgniter\Database\BaseConnection->query('SELECT *\nFROM `...', Array, false)
#3 C:\biblioteca\system\Model.php(286): CodeIgniter\Database\BaseBuilder->get()
#4 C:\biblioteca\system\BaseModel.php(676): CodeIgniter\Model->doFindAll(0, 0)
#5 C:\biblioteca\app\Models\BookModel.php(15): CodeIgniter\BaseModel->findAll()
#6 C:\biblioteca\app\Controllers\BookController.php(13): App\Models\BookModel->getAvailableBooks()
#7 C:\biblioteca\system\CodeIgniter.php(933): App\Controllers\BookController->index()
#8 C:\biblioteca\system\CodeIgniter.php(509): CodeIgniter\CodeIgniter->runController(Object(App\Controllers\BookController))
#9 C:\biblioteca\system\CodeIgniter.php(355): CodeIgniter\CodeIgniter->handleRequest(NULL, Object(Config\Cache), false)
#10 C:\biblioteca\system\Boot.php(325): CodeIgniter\CodeIgniter->run()
#11 C:\biblioteca\system\Boot.php(67): CodeIgniter\Boot::runCodeIgniter(Object(CodeIgniter\CodeIgniter))
#12 C:\biblioteca\public\index.php(56): CodeIgniter\Boot::bootWeb(Object(Config\Paths))
#13 C:\biblioteca\system\rewrite.php(44): require_once('C:\\biblioteca\\p...')
#14 {main}
CRITICAL - 2024-07-04 02:44:57 --> CodeIgniter\Database\Exceptions\DatabaseException: Unable to connect to the database.
Main connection [MySQLi]: Access denied for user ''@'localhost' (using password: NO)
[Method: GET, Route: /]
in SYSTEMPATH\Database\BaseConnection.php on line 467.
 1 SYSTEMPATH\Database\BaseConnection.php(616): CodeIgniter\Database\BaseConnection->initialize()
 2 SYSTEMPATH\Database\BaseBuilder.php(1636): CodeIgniter\Database\BaseConnection->query('SELECT *
FROM `livros`
WHERE `disponivel` = :disponivel:', [...], false)
 3 SYSTEMPATH\Model.php(286): CodeIgniter\Database\BaseBuilder->get()
 4 SYSTEMPATH\BaseModel.php(676): CodeIgniter\Model->doFindAll(0, 0)
 5 APPPATH\Models\BookModel.php(15): CodeIgniter\BaseModel->findAll()
 6 APPPATH\Controllers\BookController.php(13): App\Models\BookModel->getAvailableBooks()
 7 SYSTEMPATH\CodeIgniter.php(933): App\Controllers\BookController->index()
 8 SYSTEMPATH\CodeIgniter.php(509): CodeIgniter\CodeIgniter->runController(Object(App\Controllers\BookController))
 9 SYSTEMPATH\CodeIgniter.php(355): CodeIgniter\CodeIgniter->handleRequest(null, Object(Config\Cache), false)
10 SYSTEMPATH\Boot.php(325): CodeIgniter\CodeIgniter->run()
11 SYSTEMPATH\Boot.php(67): CodeIgniter\Boot::runCodeIgniter(Object(CodeIgniter\CodeIgniter))
12 FCPATH\index.php(56): CodeIgniter\Boot::bootWeb(Object(Config\Paths))
13 SYSTEMPATH\rewrite.php(44): require_once('C:\\biblioteca\\public\\index.php')
ERROR - 2024-07-04 02:45:57 --> Error connecting to the database: mysqli_sql_exception: Unknown database 'biblioteca' in C:\biblioteca\system\Database\MySQLi\Connection.php:186
Stack trace:
#0 C:\biblioteca\system\Database\MySQLi\Connection.php(186): mysqli->real_connect('localhost', 'root', Object(SensitiveParameterValue), 'biblioteca', 3306, '', 0)
#1 C:\biblioteca\system\Database\BaseConnection.php(421): CodeIgniter\Database\MySQLi\Connection->connect(false)
#2 C:\biblioteca\system\Database\BaseConnection.php(616): CodeIgniter\Database\BaseConnection->initialize()
#3 C:\biblioteca\system\Database\BaseBuilder.php(1636): CodeIgniter\Database\BaseConnection->query('SELECT *\nFROM `...', Array, false)
#4 C:\biblioteca\system\Model.php(286): CodeIgniter\Database\BaseBuilder->get()
#5 C:\biblioteca\system\BaseModel.php(676): CodeIgniter\Model->doFindAll(0, 0)
#6 C:\biblioteca\app\Models\BookModel.php(15): CodeIgniter\BaseModel->findAll()
#7 C:\biblioteca\app\Controllers\BookController.php(13): App\Models\BookModel->getAvailableBooks()
#8 C:\biblioteca\system\CodeIgniter.php(933): App\Controllers\BookController->index()
#9 C:\biblioteca\system\CodeIgniter.php(509): CodeIgniter\CodeIgniter->runController(Object(App\Controllers\BookController))
#10 C:\biblioteca\system\CodeIgniter.php(355): CodeIgniter\CodeIgniter->handleRequest(NULL, Object(Config\Cache), false)
#11 C:\biblioteca\system\Boot.php(325): CodeIgniter\CodeIgniter->run()
#12 C:\biblioteca\system\Boot.php(67): CodeIgniter\Boot::runCodeIgniter(Object(CodeIgniter\CodeIgniter))
#13 C:\biblioteca\public\index.php(56): CodeIgniter\Boot::bootWeb(Object(Config\Paths))
#14 C:\biblioteca\system\rewrite.php(44): require_once('C:\\biblioteca\\p...')
#15 {main}

Next CodeIgniter\Database\Exceptions\DatabaseException: Unknown database 'biblioteca' in C:\biblioteca\system\Database\MySQLi\Connection.php:231
Stack trace:
#0 C:\biblioteca\system\Database\BaseConnection.php(421): CodeIgniter\Database\MySQLi\Connection->connect(false)
#1 C:\biblioteca\system\Database\BaseConnection.php(616): CodeIgniter\Database\BaseConnection->initialize()
#2 C:\biblioteca\system\Database\BaseBuilder.php(1636): CodeIgniter\Database\BaseConnection->query('SELECT *\nFROM `...', Array, false)
#3 C:\biblioteca\system\Model.php(286): CodeIgniter\Database\BaseBuilder->get()
#4 C:\biblioteca\system\BaseModel.php(676): CodeIgniter\Model->doFindAll(0, 0)
#5 C:\biblioteca\app\Models\BookModel.php(15): CodeIgniter\BaseModel->findAll()
#6 C:\biblioteca\app\Controllers\BookController.php(13): App\Models\BookModel->getAvailableBooks()
#7 C:\biblioteca\system\CodeIgniter.php(933): App\Controllers\BookController->index()
#8 C:\biblioteca\system\CodeIgniter.php(509): CodeIgniter\CodeIgniter->runController(Object(App\Controllers\BookController))
#9 C:\biblioteca\system\CodeIgniter.php(355): CodeIgniter\CodeIgniter->handleRequest(NULL, Object(Config\Cache), false)
#10 C:\biblioteca\system\Boot.php(325): CodeIgniter\CodeIgniter->run()
#11 C:\biblioteca\system\Boot.php(67): CodeIgniter\Boot::runCodeIgniter(Object(CodeIgniter\CodeIgniter))
#12 C:\biblioteca\public\index.php(56): CodeIgniter\Boot::bootWeb(Object(Config\Paths))
#13 C:\biblioteca\system\rewrite.php(44): require_once('C:\\biblioteca\\p...')
#14 {main}
CRITICAL - 2024-07-04 02:45:57 --> CodeIgniter\Database\Exceptions\DatabaseException: Unable to connect to the database.
Main connection [MySQLi]: Unknown database 'biblioteca'
[Method: GET, Route: /]
in SYSTEMPATH\Database\BaseConnection.php on line 467.
 1 SYSTEMPATH\Database\BaseConnection.php(616): CodeIgniter\Database\BaseConnection->initialize()
 2 SYSTEMPATH\Database\BaseBuilder.php(1636): CodeIgniter\Database\BaseConnection->query('SELECT *
FROM `livros`
WHERE `disponivel` = :disponivel:', [...], false)
 3 SYSTEMPATH\Model.php(286): CodeIgniter\Database\BaseBuilder->get()
 4 SYSTEMPATH\BaseModel.php(676): CodeIgniter\Model->doFindAll(0, 0)
 5 APPPATH\Models\BookModel.php(15): CodeIgniter\BaseModel->findAll()
 6 APPPATH\Controllers\BookController.php(13): App\Models\BookModel->getAvailableBooks()
 7 SYSTEMPATH\CodeIgniter.php(933): App\Controllers\BookController->index()
 8 SYSTEMPATH\CodeIgniter.php(509): CodeIgniter\CodeIgniter->runController(Object(App\Controllers\BookController))
 9 SYSTEMPATH\CodeIgniter.php(355): CodeIgniter\CodeIgniter->handleRequest(null, Object(Config\Cache), false)
10 SYSTEMPATH\Boot.php(325): CodeIgniter\CodeIgniter->run()
11 SYSTEMPATH\Boot.php(67): CodeIgniter\Boot::runCodeIgniter(Object(CodeIgniter\CodeIgniter))
12 FCPATH\index.php(56): CodeIgniter\Boot::bootWeb(Object(Config\Paths))
13 SYSTEMPATH\rewrite.php(44): require_once('C:\\biblioteca\\public\\index.php')
ERROR - 2024-07-04 02:46:10 --> Error connecting to the database: mysqli_sql_exception: Unknown database 'biblioteca' in C:\biblioteca\system\Database\MySQLi\Connection.php:186
Stack trace:
#0 C:\biblioteca\system\Database\MySQLi\Connection.php(186): mysqli->real_connect('localhost', 'root', Object(SensitiveParameterValue), 'biblioteca', 3306, '', 0)
#1 C:\biblioteca\system\Database\BaseConnection.php(421): CodeIgniter\Database\MySQLi\Connection->connect(false)
#2 C:\biblioteca\system\Database\BaseConnection.php(616): CodeIgniter\Database\BaseConnection->initialize()
#3 C:\biblioteca\system\Database\BaseBuilder.php(1636): CodeIgniter\Database\BaseConnection->query('SELECT *\nFROM `...', Array, false)
#4 C:\biblioteca\system\Model.php(286): CodeIgniter\Database\BaseBuilder->get()
#5 C:\biblioteca\system\BaseModel.php(676): CodeIgniter\Model->doFindAll(0, 0)
#6 C:\biblioteca\app\Models\BookModel.php(15): CodeIgniter\BaseModel->findAll()
#7 C:\biblioteca\app\Controllers\BookController.php(13): App\Models\BookModel->getAvailableBooks()
#8 C:\biblioteca\system\CodeIgniter.php(933): App\Controllers\BookController->index()
#9 C:\biblioteca\system\CodeIgniter.php(509): CodeIgniter\CodeIgniter->runController(Object(App\Controllers\BookController))
#10 C:\biblioteca\system\CodeIgniter.php(355): CodeIgniter\CodeIgniter->handleRequest(NULL, Object(Config\Cache), false)
#11 C:\biblioteca\system\Boot.php(325): CodeIgniter\CodeIgniter->run()
#12 C:\biblioteca\system\Boot.php(67): CodeIgniter\Boot::runCodeIgniter(Object(CodeIgniter\CodeIgniter))
#13 C:\biblioteca\public\index.php(56): CodeIgniter\Boot::bootWeb(Object(Config\Paths))
#14 C:\biblioteca\system\rewrite.php(44): require_once('C:\\biblioteca\\p...')
#15 {main}

Next CodeIgniter\Database\Exceptions\DatabaseException: Unknown database 'biblioteca' in C:\biblioteca\system\Database\MySQLi\Connection.php:231
Stack trace:
#0 C:\biblioteca\system\Database\BaseConnection.php(421): CodeIgniter\Database\MySQLi\Connection->connect(false)
#1 C:\biblioteca\system\Database\BaseConnection.php(616): CodeIgniter\Database\BaseConnection->initialize()
#2 C:\biblioteca\system\Database\BaseBuilder.php(1636): CodeIgniter\Database\BaseConnection->query('SELECT *\nFROM `...', Array, false)
#3 C:\biblioteca\system\Model.php(286): CodeIgniter\Database\BaseBuilder->get()
#4 C:\biblioteca\system\BaseModel.php(676): CodeIgniter\Model->doFindAll(0, 0)
#5 C:\biblioteca\app\Models\BookModel.php(15): CodeIgniter\BaseModel->findAll()
#6 C:\biblioteca\app\Controllers\BookController.php(13): App\Models\BookModel->getAvailableBooks()
#7 C:\biblioteca\system\CodeIgniter.php(933): App\Controllers\BookController->index()
#8 C:\biblioteca\system\CodeIgniter.php(509): CodeIgniter\CodeIgniter->runController(Object(App\Controllers\BookController))
#9 C:\biblioteca\system\CodeIgniter.php(355): CodeIgniter\CodeIgniter->handleRequest(NULL, Object(Config\Cache), false)
#10 C:\biblioteca\system\Boot.php(325): CodeIgniter\CodeIgniter->run()
#11 C:\biblioteca\system\Boot.php(67): CodeIgniter\Boot::runCodeIgniter(Object(CodeIgniter\CodeIgniter))
#12 C:\biblioteca\public\index.php(56): CodeIgniter\Boot::bootWeb(Object(Config\Paths))
#13 C:\biblioteca\system\rewrite.php(44): require_once('C:\\biblioteca\\p...')
#14 {main}
CRITICAL - 2024-07-04 02:46:10 --> CodeIgniter\Database\Exceptions\DatabaseException: Unable to connect to the database.
Main connection [MySQLi]: Unknown database 'biblioteca'
[Method: GET, Route: /]
in SYSTEMPATH\Database\BaseConnection.php on line 467.
 1 SYSTEMPATH\Database\BaseConnection.php(616): CodeIgniter\Database\BaseConnection->initialize()
 2 SYSTEMPATH\Database\BaseBuilder.php(1636): CodeIgniter\Database\BaseConnection->query('SELECT *
FROM `livros`
WHERE `disponivel` = :disponivel:', [...], false)
 3 SYSTEMPATH\Model.php(286): CodeIgniter\Database\BaseBuilder->get()
 4 SYSTEMPATH\BaseModel.php(676): CodeIgniter\Model->doFindAll(0, 0)
 5 APPPATH\Models\BookModel.php(15): CodeIgniter\BaseModel->findAll()
 6 APPPATH\Controllers\BookController.php(13): App\Models\BookModel->getAvailableBooks()
 7 SYSTEMPATH\CodeIgniter.php(933): App\Controllers\BookController->index()
 8 SYSTEMPATH\CodeIgniter.php(509): CodeIgniter\CodeIgniter->runController(Object(App\Controllers\BookController))
 9 SYSTEMPATH\CodeIgniter.php(355): CodeIgniter\CodeIgniter->handleRequest(null, Object(Config\Cache), false)
10 SYSTEMPATH\Boot.php(325): CodeIgniter\CodeIgniter->run()
11 SYSTEMPATH\Boot.php(67): CodeIgniter\Boot::runCodeIgniter(Object(CodeIgniter\CodeIgniter))
12 FCPATH\index.php(56): CodeIgniter\Boot::bootWeb(Object(Config\Paths))
13 SYSTEMPATH\rewrite.php(44): require_once('C:\\biblioteca\\public\\index.php')
ERROR - 2024-07-04 02:46:11 --> Error connecting to the database: mysqli_sql_exception: Unknown database 'biblioteca' in C:\biblioteca\system\Database\MySQLi\Connection.php:186
Stack trace:
#0 C:\biblioteca\system\Database\MySQLi\Connection.php(186): mysqli->real_connect('localhost', 'root', Object(SensitiveParameterValue), 'biblioteca', 3306, '', 0)
#1 C:\biblioteca\system\Database\BaseConnection.php(421): CodeIgniter\Database\MySQLi\Connection->connect(false)
#2 C:\biblioteca\system\Database\BaseConnection.php(616): CodeIgniter\Database\BaseConnection->initialize()
#3 C:\biblioteca\system\Database\BaseBuilder.php(1636): CodeIgniter\Database\BaseConnection->query('SELECT *\nFROM `...', Array, false)
#4 C:\biblioteca\system\Model.php(286): CodeIgniter\Database\BaseBuilder->get()
#5 C:\biblioteca\system\BaseModel.php(676): CodeIgniter\Model->doFindAll(0, 0)
#6 C:\biblioteca\app\Models\BookModel.php(15): CodeIgniter\BaseModel->findAll()
#7 C:\biblioteca\app\Controllers\BookController.php(13): App\Models\BookModel->getAvailableBooks()
#8 C:\biblioteca\system\CodeIgniter.php(933): App\Controllers\BookController->index()
#9 C:\biblioteca\system\CodeIgniter.php(509): CodeIgniter\CodeIgniter->runController(Object(App\Controllers\BookController))
#10 C:\biblioteca\system\CodeIgniter.php(355): CodeIgniter\CodeIgniter->handleRequest(NULL, Object(Config\Cache), false)
#11 C:\biblioteca\system\Boot.php(325): CodeIgniter\CodeIgniter->run()
#12 C:\biblioteca\system\Boot.php(67): CodeIgniter\Boot::runCodeIgniter(Object(CodeIgniter\CodeIgniter))
#13 C:\biblioteca\public\index.php(56): CodeIgniter\Boot::bootWeb(Object(Config\Paths))
#14 C:\biblioteca\system\rewrite.php(44): require_once('C:\\biblioteca\\p...')
#15 {main}

Next CodeIgniter\Database\Exceptions\DatabaseException: Unknown database 'biblioteca' in C:\biblioteca\system\Database\MySQLi\Connection.php:231
Stack trace:
#0 C:\biblioteca\system\Database\BaseConnection.php(421): CodeIgniter\Database\MySQLi\Connection->connect(false)
#1 C:\biblioteca\system\Database\BaseConnection.php(616): CodeIgniter\Database\BaseConnection->initialize()
#2 C:\biblioteca\system\Database\BaseBuilder.php(1636): CodeIgniter\Database\BaseConnection->query('SELECT *\nFROM `...', Array, false)
#3 C:\biblioteca\system\Model.php(286): CodeIgniter\Database\BaseBuilder->get()
#4 C:\biblioteca\system\BaseModel.php(676): CodeIgniter\Model->doFindAll(0, 0)
#5 C:\biblioteca\app\Models\BookModel.php(15): CodeIgniter\BaseModel->findAll()
#6 C:\biblioteca\app\Controllers\BookController.php(13): App\Models\BookModel->getAvailableBooks()
#7 C:\biblioteca\system\CodeIgniter.php(933): App\Controllers\BookController->index()
#8 C:\biblioteca\system\CodeIgniter.php(509): CodeIgniter\CodeIgniter->runController(Object(App\Controllers\BookController))
#9 C:\biblioteca\system\CodeIgniter.php(355): CodeIgniter\CodeIgniter->handleRequest(NULL, Object(Config\Cache), false)
#10 C:\biblioteca\system\Boot.php(325): CodeIgniter\CodeIgniter->run()
#11 C:\biblioteca\system\Boot.php(67): CodeIgniter\Boot::runCodeIgniter(Object(CodeIgniter\CodeIgniter))
#12 C:\biblioteca\public\index.php(56): CodeIgniter\Boot::bootWeb(Object(Config\Paths))
#13 C:\biblioteca\system\rewrite.php(44): require_once('C:\\biblioteca\\p...')
#14 {main}
CRITICAL - 2024-07-04 02:46:11 --> CodeIgniter\Database\Exceptions\DatabaseException: Unable to connect to the database.
Main connection [MySQLi]: Unknown database 'biblioteca'
[Method: GET, Route: /]
in SYSTEMPATH\Database\BaseConnection.php on line 467.
 1 SYSTEMPATH\Database\BaseConnection.php(616): CodeIgniter\Database\BaseConnection->initialize()
 2 SYSTEMPATH\Database\BaseBuilder.php(1636): CodeIgniter\Database\BaseConnection->query('SELECT *
FROM `livros`
WHERE `disponivel` = :disponivel:', [...], false)
 3 SYSTEMPATH\Model.php(286): CodeIgniter\Database\BaseBuilder->get()
 4 SYSTEMPATH\BaseModel.php(676): CodeIgniter\Model->doFindAll(0, 0)
 5 APPPATH\Models\BookModel.php(15): CodeIgniter\BaseModel->findAll()
 6 APPPATH\Controllers\BookController.php(13): App\Models\BookModel->getAvailableBooks()
 7 SYSTEMPATH\CodeIgniter.php(933): App\Controllers\BookController->index()
 8 SYSTEMPATH\CodeIgniter.php(509): CodeIgniter\CodeIgniter->runController(Object(App\Controllers\BookController))
 9 SYSTEMPATH\CodeIgniter.php(355): CodeIgniter\CodeIgniter->handleRequest(null, Object(Config\Cache), false)
10 SYSTEMPATH\Boot.php(325): CodeIgniter\CodeIgniter->run()
11 SYSTEMPATH\Boot.php(67): CodeIgniter\Boot::runCodeIgniter(Object(CodeIgniter\CodeIgniter))
12 FCPATH\index.php(56): CodeIgniter\Boot::bootWeb(Object(Config\Paths))
13 SYSTEMPATH\rewrite.php(44): require_once('C:\\biblioteca\\public\\index.php')
ERROR - 2024-07-04 02:48:47 --> Error connecting to the database: mysqli_sql_exception: Access denied for user ''@'localhost' (using password: NO) in C:\biblioteca\system\Database\MySQLi\Connection.php:186
Stack trace:
#0 C:\biblioteca\system\Database\MySQLi\Connection.php(186): mysqli->real_connect('localhost', '', Object(SensitiveParameterValue), 'biblioteca', 3306, '', 0)
#1 C:\biblioteca\system\Database\BaseConnection.php(421): CodeIgniter\Database\MySQLi\Connection->connect(false)
#2 C:\biblioteca\system\Database\BaseConnection.php(616): CodeIgniter\Database\BaseConnection->initialize()
#3 C:\biblioteca\system\Database\BaseBuilder.php(1636): CodeIgniter\Database\BaseConnection->query('SELECT *\nFROM `...', Array, false)
#4 C:\biblioteca\system\Model.php(286): CodeIgniter\Database\BaseBuilder->get()
#5 C:\biblioteca\system\BaseModel.php(676): CodeIgniter\Model->doFindAll(0, 0)
#6 C:\biblioteca\app\Models\BookModel.php(15): CodeIgniter\BaseModel->findAll()
#7 C:\biblioteca\app\Controllers\BookController.php(13): App\Models\BookModel->getAvailableBooks()
#8 C:\biblioteca\system\CodeIgniter.php(933): App\Controllers\BookController->index()
#9 C:\biblioteca\system\CodeIgniter.php(509): CodeIgniter\CodeIgniter->runController(Object(App\Controllers\BookController))
#10 C:\biblioteca\system\CodeIgniter.php(355): CodeIgniter\CodeIgniter->handleRequest(NULL, Object(Config\Cache), false)
#11 C:\biblioteca\system\Boot.php(325): CodeIgniter\CodeIgniter->run()
#12 C:\biblioteca\system\Boot.php(67): CodeIgniter\Boot::runCodeIgniter(Object(CodeIgniter\CodeIgniter))
#13 C:\biblioteca\public\index.php(56): CodeIgniter\Boot::bootWeb(Object(Config\Paths))
#14 C:\biblioteca\system\rewrite.php(44): require_once('C:\\biblioteca\\p...')
#15 {main}

Next CodeIgniter\Database\Exceptions\DatabaseException: Access denied for user ''@'localhost' (using password: NO) in C:\biblioteca\system\Database\MySQLi\Connection.php:231
Stack trace:
#0 C:\biblioteca\system\Database\BaseConnection.php(421): CodeIgniter\Database\MySQLi\Connection->connect(false)
#1 C:\biblioteca\system\Database\BaseConnection.php(616): CodeIgniter\Database\BaseConnection->initialize()
#2 C:\biblioteca\system\Database\BaseBuilder.php(1636): CodeIgniter\Database\BaseConnection->query('SELECT *\nFROM `...', Array, false)
#3 C:\biblioteca\system\Model.php(286): CodeIgniter\Database\BaseBuilder->get()
#4 C:\biblioteca\system\BaseModel.php(676): CodeIgniter\Model->doFindAll(0, 0)
#5 C:\biblioteca\app\Models\BookModel.php(15): CodeIgniter\BaseModel->findAll()
#6 C:\biblioteca\app\Controllers\BookController.php(13): App\Models\BookModel->getAvailableBooks()
#7 C:\biblioteca\system\CodeIgniter.php(933): App\Controllers\BookController->index()
#8 C:\biblioteca\system\CodeIgniter.php(509): CodeIgniter\CodeIgniter->runController(Object(App\Controllers\BookController))
#9 C:\biblioteca\system\CodeIgniter.php(355): CodeIgniter\CodeIgniter->handleRequest(NULL, Object(Config\Cache), false)
#10 C:\biblioteca\system\Boot.php(325): CodeIgniter\CodeIgniter->run()
#11 C:\biblioteca\system\Boot.php(67): CodeIgniter\Boot::runCodeIgniter(Object(CodeIgniter\CodeIgniter))
#12 C:\biblioteca\public\index.php(56): CodeIgniter\Boot::bootWeb(Object(Config\Paths))
#13 C:\biblioteca\system\rewrite.php(44): require_once('C:\\biblioteca\\p...')
#14 {main}
CRITICAL - 2024-07-04 02:48:47 --> CodeIgniter\Database\Exceptions\DatabaseException: Unable to connect to the database.
Main connection [MySQLi]: Access denied for user ''@'localhost' (using password: NO)
[Method: GET, Route: /]
in SYSTEMPATH\Database\BaseConnection.php on line 467.
 1 SYSTEMPATH\Database\BaseConnection.php(616): CodeIgniter\Database\BaseConnection->initialize()
 2 SYSTEMPATH\Database\BaseBuilder.php(1636): CodeIgniter\Database\BaseConnection->query('SELECT *
FROM `livros`
WHERE `disponivel` = :disponivel:', [...], false)
 3 SYSTEMPATH\Model.php(286): CodeIgniter\Database\BaseBuilder->get()
 4 SYSTEMPATH\BaseModel.php(676): CodeIgniter\Model->doFindAll(0, 0)
 5 APPPATH\Models\BookModel.php(15): CodeIgniter\BaseModel->findAll()
 6 APPPATH\Controllers\BookController.php(13): App\Models\BookModel->getAvailableBooks()
 7 SYSTEMPATH\CodeIgniter.php(933): App\Controllers\BookController->index()
 8 SYSTEMPATH\CodeIgniter.php(509): CodeIgniter\CodeIgniter->runController(Object(App\Controllers\BookController))
 9 SYSTEMPATH\CodeIgniter.php(355): CodeIgniter\CodeIgniter->handleRequest(null, Object(Config\Cache), false)
10 SYSTEMPATH\Boot.php(325): CodeIgniter\CodeIgniter->run()
11 SYSTEMPATH\Boot.php(67): CodeIgniter\Boot::runCodeIgniter(Object(CodeIgniter\CodeIgniter))
12 FCPATH\index.php(56): CodeIgniter\Boot::bootWeb(Object(Config\Paths))
13 SYSTEMPATH\rewrite.php(44): require_once('C:\\biblioteca\\public\\index.php')
ERROR - 2024-07-04 02:49:08 --> Error connecting to the database: mysqli_sql_exception: Access denied for user ''@'localhost' (using password: NO) in C:\biblioteca\system\Database\MySQLi\Connection.php:186
Stack trace:
#0 C:\biblioteca\system\Database\MySQLi\Connection.php(186): mysqli->real_connect('localhost', '', Object(SensitiveParameterValue), 'biblioteca', 3306, '', 0)
#1 C:\biblioteca\system\Database\BaseConnection.php(421): CodeIgniter\Database\MySQLi\Connection->connect(false)
#2 C:\biblioteca\system\Database\BaseConnection.php(616): CodeIgniter\Database\BaseConnection->initialize()
#3 C:\biblioteca\system\Database\BaseBuilder.php(1636): CodeIgniter\Database\BaseConnection->query('SELECT *\nFROM `...', Array, false)
#4 C:\biblioteca\system\Model.php(286): CodeIgniter\Database\BaseBuilder->get()
#5 C:\biblioteca\system\BaseModel.php(676): CodeIgniter\Model->doFindAll(0, 0)
#6 C:\biblioteca\app\Models\BookModel.php(15): CodeIgniter\BaseModel->findAll()
#7 C:\biblioteca\app\Controllers\BookController.php(13): App\Models\BookModel->getAvailableBooks()
#8 C:\biblioteca\system\CodeIgniter.php(933): App\Controllers\BookController->index()
#9 C:\biblioteca\system\CodeIgniter.php(509): CodeIgniter\CodeIgniter->runController(Object(App\Controllers\BookController))
#10 C:\biblioteca\system\CodeIgniter.php(355): CodeIgniter\CodeIgniter->handleRequest(NULL, Object(Config\Cache), false)
#11 C:\biblioteca\system\Boot.php(325): CodeIgniter\CodeIgniter->run()
#12 C:\biblioteca\system\Boot.php(67): CodeIgniter\Boot::runCodeIgniter(Object(CodeIgniter\CodeIgniter))
#13 C:\biblioteca\public\index.php(56): CodeIgniter\Boot::bootWeb(Object(Config\Paths))
#14 C:\biblioteca\system\rewrite.php(44): require_once('C:\\biblioteca\\p...')
#15 {main}

Next CodeIgniter\Database\Exceptions\DatabaseException: Access denied for user ''@'localhost' (using password: NO) in C:\biblioteca\system\Database\MySQLi\Connection.php:231
Stack trace:
#0 C:\biblioteca\system\Database\BaseConnection.php(421): CodeIgniter\Database\MySQLi\Connection->connect(false)
#1 C:\biblioteca\system\Database\BaseConnection.php(616): CodeIgniter\Database\BaseConnection->initialize()
#2 C:\biblioteca\system\Database\BaseBuilder.php(1636): CodeIgniter\Database\BaseConnection->query('SELECT *\nFROM `...', Array, false)
#3 C:\biblioteca\system\Model.php(286): CodeIgniter\Database\BaseBuilder->get()
#4 C:\biblioteca\system\BaseModel.php(676): CodeIgniter\Model->doFindAll(0, 0)
#5 C:\biblioteca\app\Models\BookModel.php(15): CodeIgniter\BaseModel->findAll()
#6 C:\biblioteca\app\Controllers\BookController.php(13): App\Models\BookModel->getAvailableBooks()
#7 C:\biblioteca\system\CodeIgniter.php(933): App\Controllers\BookController->index()
#8 C:\biblioteca\system\CodeIgniter.php(509): CodeIgniter\CodeIgniter->runController(Object(App\Controllers\BookController))
#9 C:\biblioteca\system\CodeIgniter.php(355): CodeIgniter\CodeIgniter->handleRequest(NULL, Object(Config\Cache), false)
#10 C:\biblioteca\system\Boot.php(325): CodeIgniter\CodeIgniter->run()
#11 C:\biblioteca\system\Boot.php(67): CodeIgniter\Boot::runCodeIgniter(Object(CodeIgniter\CodeIgniter))
#12 C:\biblioteca\public\index.php(56): CodeIgniter\Boot::bootWeb(Object(Config\Paths))
#13 C:\biblioteca\system\rewrite.php(44): require_once('C:\\biblioteca\\p...')
#14 {main}
CRITICAL - 2024-07-04 02:49:08 --> CodeIgniter\Database\Exceptions\DatabaseException: Unable to connect to the database.
Main connection [MySQLi]: Access denied for user ''@'localhost' (using password: NO)
[Method: GET, Route: /]
in SYSTEMPATH\Database\BaseConnection.php on line 467.
 1 SYSTEMPATH\Database\BaseConnection.php(616): CodeIgniter\Database\BaseConnection->initialize()
 2 SYSTEMPATH\Database\BaseBuilder.php(1636): CodeIgniter\Database\BaseConnection->query('SELECT *
FROM `livros`
WHERE `disponivel` = :disponivel:', [...], false)
 3 SYSTEMPATH\Model.php(286): CodeIgniter\Database\BaseBuilder->get()
 4 SYSTEMPATH\BaseModel.php(676): CodeIgniter\Model->doFindAll(0, 0)
 5 APPPATH\Models\BookModel.php(15): CodeIgniter\BaseModel->findAll()
 6 APPPATH\Controllers\BookController.php(13): App\Models\BookModel->getAvailableBooks()
 7 SYSTEMPATH\CodeIgniter.php(933): App\Controllers\BookController->index()
 8 SYSTEMPATH\CodeIgniter.php(509): CodeIgniter\CodeIgniter->runController(Object(App\Controllers\BookController))
 9 SYSTEMPATH\CodeIgniter.php(355): CodeIgniter\CodeIgniter->handleRequest(null, Object(Config\Cache), false)
10 SYSTEMPATH\Boot.php(325): CodeIgniter\CodeIgniter->run()
11 SYSTEMPATH\Boot.php(67): CodeIgniter\Boot::runCodeIgniter(Object(CodeIgniter\CodeIgniter))
12 FCPATH\index.php(56): CodeIgniter\Boot::bootWeb(Object(Config\Paths))
13 SYSTEMPATH\rewrite.php(44): require_once('C:\\biblioteca\\public\\index.php')
INFO - 2024-07-04 02:49:32 --> Session: Class initialized using 'CodeIgniter\Session\Handlers\FileHandler' driver.
INFO - 2024-07-04 02:49:32 --> Session: Class initialized using 'CodeIgniter\Session\Handlers\FileHandler' driver.
INFO - 2024-07-04 02:50:26 --> Session: Class initialized using 'CodeIgniter\Session\Handlers\FileHandler' driver.
INFO - 2024-07-04 02:50:42 --> Session: Class initialized using 'CodeIgniter\Session\Handlers\FileHandler' driver.
INFO - 2024-07-04 02:50:49 --> Session: Class initialized using 'CodeIgniter\Session\Handlers\FileHandler' driver.
INFO - 2024-07-04 02:51:39 --> Session: Class initialized using 'CodeIgniter\Session\Handlers\FileHandler' driver.
INFO - 2024-07-04 02:51:40 --> Session: Class initialized using 'CodeIgniter\Session\Handlers\FileHandler' driver.
INFO - 2024-07-04 02:52:07 --> Session: Class initialized using 'CodeIgniter\Session\Handlers\FileHandler' driver.
INFO - 2024-07-04 02:52:08 --> Session: Class initialized using 'CodeIgniter\Session\Handlers\FileHandler' driver.
INFO - 2024-07-04 02:52:09 --> Session: Class initialized using 'CodeIgniter\Session\Handlers\FileHandler' driver.
INFO - 2024-07-04 02:52:11 --> Session: Class initialized using 'CodeIgniter\Session\Handlers\FileHandler' driver.
INFO - 2024-07-04 02:52:12 --> Session: Class initialized using 'CodeIgniter\Session\Handlers\FileHandler' driver.
INFO - 2024-07-04 02:52:12 --> Session: Class initialized using 'CodeIgniter\Session\Handlers\FileHandler' driver.
INFO - 2024-07-04 02:52:20 --> Session: Class initialized using 'CodeIgniter\Session\Handlers\FileHandler' driver.
